2026-06-08 16:50:20.090 Uncaught app exception
Traceback (most recent call last):
  File "C:\Users\zxy\AppData\Local\Programs\Python\Python310\lib\site-packages\pandas\core\indexes\base.py", line 3805, in get_loc
    return self._engine.get_loc(casted_key)
  File "index.pyx", line 167, in pandas._libs.index.IndexEngine.get_loc
  File "index.pyx", line 196, in pandas._libs.index.IndexEngine.get_loc
  File "pandas\\_libs\\hashtable_class_helper.pxi", line 7081, in pandas._libs.hashtable.PyObjectHashTable.get_item
  File "pandas\\_libs\\hashtable_class_helper.pxi", line 7089, in pandas._libs.hashtable.PyObjectHashTable.get_item
KeyError: 'ĘÇ·ń·çĎŐ'

The above exception was the direct cause of the following exception:

Traceback (most recent call last):
  File "C:\Users\zxy\AppData\Local\Programs\Python\Python310\lib\site-packages\streamlit\runtime\scriptrunner\script_runner.py", line 542, in _run_script
    exec(code, module.__dict__)
  File "E:\solocode\0608\zxy-2137-1\app.py", line 95, in <module>
    render_export_section(filtered_df, overview, suggestions)
  File "E:\solocode\0608\zxy-2137-1\report.py", line 113, in render_export_section
    report_buf, report_name = export_report(df, overview, suggestions)
  File "E:\solocode\0608\zxy-2137-1\report.py", line 78, in export_report
    report_text = generate_report_text(df, overview, suggestions)
  File "E:\solocode\0608\zxy-2137-1\report.py", line 36, in generate_report_text
    risk_df = df[df["ĘÇ·ń·çĎŐ"]] if not df.empty else pd.DataFrame()
  File "C:\Users\zxy\AppData\Local\Programs\Python\Python310\lib\site-packages\pandas\core\frame.py", line 4090, in __getitem__
    indexer = self.columns.get_loc(key)
  File "C:\Users\zxy\AppData\Local\Programs\Python\Python310\lib\site-packages\pandas\core\indexes\base.py", line 3812, in get_loc
    raise KeyError(key) from err
KeyError: 'ĘÇ·ń·çĎŐ'
